{"C:\\Users\\ASUS\\MVPs\\AI-Canvas-for-Critical-Thinker-Girls\\frontend\\App.tsx": {"path":"C:\\Users\\ASUS\\MVPs\\AI-Canvas-for-Critical-Thinker-Girls\\frontend\\App.tsx","all":false,"statementMap":{"0":{"start":{"line":1,"column":0},"end":{"line":1,"column":72}},"1":{"start":{"line":2,"column":0},"end":{"line":2,"column":69}},"2":{"start":{"line":3,"column":0},"end":{"line":3,"column":58}},"3":{"start":{"line":4,"column":0},"end":{"line":4,"column":52}},"14":{"start":{"line":15,"column":0},"end":{"line":15,"column":22}},"37":{"start":{"line":38,"column":0},"end":{"line":38,"column":70}},"38":{"start":{"line":39,"column":0},"end":{"line":39,"column":79}},"39":{"start":{"line":40,"column":0},"end":{"line":40,"column":91}},"40":{"start":{"line":41,"column":0},"end":{"line":41,"column":14}},"41":{"start":{"line":42,"column":0},"end":{"line":42,"column":2}},"43":{"start":{"line":44,"column":0},"end":{"line":44,"column":29}},"44":{"start":{"line":45,"column":0},"end":{"line":45,"column":64}},"45":{"start":{"line":46,"column":0},"end":{"line":46,"column":60}},"46":{"start":{"line":47,"column":0},"end":{"line":47,"column":55}},"47":{"start":{"line":48,"column":0},"end":{"line":48,"column":5}},"48":{"start":{"line":49,"column":0},"end":{"line":49,"column":14}},"49":{"start":{"line":50,"column":0},"end":{"line":50,"column":24}},"50":{"start":{"line":51,"column":0},"end":{"line":51,"column":113}},"51":{"start":{"line":52,"column":0},"end":{"line":52,"column":28}},"52":{"start":{"line":53,"column":0},"end":{"line":53,"column":6}},"53":{"start":{"line":54,"column":0},"end":{"line":54,"column":5}},"54":{"start":{"line":55,"column":0},"end":{"line":55,"column":49}},"55":{"start":{"line":56,"column":0},"end":{"line":56,"column":58}},"56":{"start":{"line":57,"column":0},"end":{"line":57,"column":56}},"58":{"start":{"line":59,"column":0},"end":{"line":59,"column":47}},"59":{"start":{"line":60,"column":0},"end":{"line":60,"column":54}},"60":{"start":{"line":61,"column":0},"end":{"line":61,"column":54}},"61":{"start":{"line":62,"column":0},"end":{"line":62,"column":72}},"63":{"start":{"line":64,"column":0},"end":{"line":64,"column":19}},"64":{"start":{"line":65,"column":0},"end":{"line":65,"column":67}},"65":{"start":{"line":66,"column":0},"end":{"line":66,"column":17}},"67":{"start":{"line":68,"column":0},"end":{"line":68,"column":19}},"68":{"start":{"line":69,"column":0},"end":{"line":69,"column":18}},"69":{"start":{"line":70,"column":0},"end":{"line":70,"column":35}},"70":{"start":{"line":71,"column":0},"end":{"line":71,"column":39}},"71":{"start":{"line":72,"column":0},"end":{"line":72,"column":7}},"72":{"start":{"line":73,"column":0},"end":{"line":73,"column":6}},"73":{"start":{"line":74,"column":0},"end":{"line":74,"column":9}},"75":{"start":{"line":76,"column":0},"end":{"line":76,"column":68}},"76":{"start":{"line":77,"column":0},"end":{"line":77,"column":52}},"77":{"start":{"line":78,"column":0},"end":{"line":78,"column":38}},"79":{"start":{"line":80,"column":0},"end":{"line":80,"column":30}},"80":{"start":{"line":81,"column":0},"end":{"line":81,"column":32}},"81":{"start":{"line":82,"column":0},"end":{"line":82,"column":11}},"82":{"start":{"line":83,"column":0},"end":{"line":83,"column":26}},"83":{"start":{"line":84,"column":0},"end":{"line":84,"column":28}},"84":{"start":{"line":85,"column":0},"end":{"line":85,"column":6}},"86":{"start":{"line":87,"column":0},"end":{"line":87,"column":44}},"87":{"start":{"line":88,"column":0},"end":{"line":88,"column":21}},"88":{"start":{"line":89,"column":0},"end":{"line":89,"column":26}},"90":{"start":{"line":91,"column":0},"end":{"line":91,"column":9}},"91":{"start":{"line":92,"column":0},"end":{"line":92,"column":42}},"92":{"start":{"line":93,"column":0},"end":{"line":93,"column":56}},"93":{"start":{"line":94,"column":0},"end":{"line":94,"column":21}},"94":{"start":{"line":95,"column":0},"end":{"line":95,"column":10}},"96":{"start":{"line":97,"column":0},"end":{"line":97,"column":62}},"98":{"start":{"line":99,"column":0},"end":{"line":99,"column":85}},"100":{"start":{"line":101,"column":0},"end":{"line":101,"column":27}},"101":{"start":{"line":102,"column":0},"end":{"line":102,"column":16}},"102":{"start":{"line":103,"column":0},"end":{"line":103,"column":9}},"103":{"start":{"line":104,"column":0},"end":{"line":104,"column":42}},"104":{"start":{"line":105,"column":0},"end":{"line":105,"column":30}},"105":{"start":{"line":106,"column":0},"end":{"line":106,"column":28}},"106":{"start":{"line":107,"column":0},"end":{"line":107,"column":32}},"107":{"start":{"line":108,"column":0},"end":{"line":108,"column":10}},"108":{"start":{"line":109,"column":0},"end":{"line":109,"column":9}},"110":{"start":{"line":111,"column":0},"end":{"line":111,"column":13}},"111":{"start":{"line":112,"column":0},"end":{"line":112,"column":27}},"112":{"start":{"line":113,"column":0},"end":{"line":113,"column":16}},"113":{"start":{"line":114,"column":0},"end":{"line":114,"column":9}},"114":{"start":{"line":115,"column":0},"end":{"line":115,"column":36}},"115":{"start":{"line":116,"column":0},"end":{"line":116,"column":72}},"116":{"start":{"line":117,"column":0},"end":{"line":117,"column":28}},"117":{"start":{"line":118,"column":0},"end":{"line":118,"column":32}},"118":{"start":{"line":119,"column":0},"end":{"line":119,"column":10}},"119":{"start":{"line":120,"column":0},"end":{"line":120,"column":9}},"120":{"start":{"line":121,"column":0},"end":{"line":121,"column":15}},"121":{"start":{"line":122,"column":0},"end":{"line":122,"column":29}},"122":{"start":{"line":123,"column":0},"end":{"line":123,"column":5}},"123":{"start":{"line":124,"column":0},"end":{"line":124,"column":42}},"125":{"start":{"line":126,"column":0},"end":{"line":126,"column":38}},"126":{"start":{"line":127,"column":0},"end":{"line":127,"column":63}},"127":{"start":{"line":128,"column":0},"end":{"line":128,"column":4}},"129":{"start":{"line":130,"column":0},"end":{"line":130,"column":86}},"130":{"start":{"line":131,"column":0},"end":{"line":131,"column":54}},"132":{"start":{"line":133,"column":0},"end":{"line":133,"column":73}},"133":{"start":{"line":134,"column":0},"end":{"line":134,"column":37}},"134":{"start":{"line":135,"column":0},"end":{"line":135,"column":22}},"136":{"start":{"line":137,"column":0},"end":{"line":137,"column":52}},"137":{"start":{"line":138,"column":0},"end":{"line":138,"column":27}},"138":{"start":{"line":139,"column":0},"end":{"line":139,"column":16}},"139":{"start":{"line":140,"column":0},"end":{"line":140,"column":9}},"140":{"start":{"line":141,"column":0},"end":{"line":141,"column":36}},"141":{"start":{"line":142,"column":0},"end":{"line":142,"column":93}},"142":{"start":{"line":143,"column":0},"end":{"line":143,"column":32}},"143":{"start":{"line":144,"column":0},"end":{"line":144,"column":32}},"144":{"start":{"line":145,"column":0},"end":{"line":145,"column":10}},"145":{"start":{"line":146,"column":0},"end":{"line":146,"column":9}},"146":{"start":{"line":147,"column":0},"end":{"line":147,"column":26}},"147":{"start":{"line":148,"column":0},"end":{"line":148,"column":13}},"148":{"start":{"line":149,"column":0},"end":{"line":149,"column":5}},"150":{"start":{"line":151,"column":0},"end":{"line":151,"column":42}},"151":{"start":{"line":152,"column":0},"end":{"line":152,"column":27}},"152":{"start":{"line":153,"column":0},"end":{"line":153,"column":16}},"153":{"start":{"line":154,"column":0},"end":{"line":154,"column":9}},"154":{"start":{"line":155,"column":0},"end":{"line":155,"column":36}},"155":{"start":{"line":156,"column":0},"end":{"line":156,"column":88}},"156":{"start":{"line":157,"column":0},"end":{"line":157,"column":32}},"157":{"start":{"line":158,"column":0},"end":{"line":158,"column":32}},"158":{"start":{"line":159,"column":0},"end":{"line":159,"column":10}},"159":{"start":{"line":160,"column":0},"end":{"line":160,"column":9}},"160":{"start":{"line":161,"column":0},"end":{"line":161,"column":26}},"161":{"start":{"line":162,"column":0},"end":{"line":162,"column":13}},"162":{"start":{"line":163,"column":0},"end":{"line":163,"column":5}},"164":{"start":{"line":165,"column":0},"end":{"line":165,"column":36}},"165":{"start":{"line":166,"column":0},"end":{"line":166,"column":32}},"166":{"start":{"line":167,"column":0},"end":{"line":167,"column":52}},"167":{"start":{"line":168,"column":0},"end":{"line":168,"column":40}},"168":{"start":{"line":169,"column":0},"end":{"line":169,"column":46}},"169":{"start":{"line":170,"column":0},"end":{"line":170,"column":29}},"170":{"start":{"line":171,"column":0},"end":{"line":171,"column":18}},"171":{"start":{"line":172,"column":0},"end":{"line":172,"column":11}},"172":{"start":{"line":173,"column":0},"end":{"line":173,"column":38}},"173":{"start":{"line":174,"column":0},"end":{"line":174,"column":88}},"174":{"start":{"line":175,"column":0},"end":{"line":175,"column":34}},"175":{"start":{"line":176,"column":0},"end":{"line":176,"column":34}},"176":{"start":{"line":177,"column":0},"end":{"line":177,"column":12}},"177":{"start":{"line":178,"column":0},"end":{"line":178,"column":11}},"178":{"start":{"line":179,"column":0},"end":{"line":179,"column":7}},"179":{"start":{"line":180,"column":0},"end":{"line":180,"column":6}},"180":{"start":{"line":181,"column":0},"end":{"line":181,"column":31}},"181":{"start":{"line":182,"column":0},"end":{"line":182,"column":24}},"182":{"start":{"line":183,"column":0},"end":{"line":183,"column":4}},"184":{"start":{"line":185,"column":0},"end":{"line":185,"column":30}},"185":{"start":{"line":186,"column":0},"end":{"line":186,"column":22}},"186":{"start":{"line":187,"column":0},"end":{"line":187,"column":37}},"187":{"start":{"line":188,"column":0},"end":{"line":188,"column":13}},"188":{"start":{"line":189,"column":0},"end":{"line":189,"column":5}},"190":{"start":{"line":191,"column":0},"end":{"line":191,"column":47}},"191":{"start":{"line":192,"column":0},"end":{"line":192,"column":23}},"192":{"start":{"line":193,"column":0},"end":{"line":193,"column":62}},"193":{"start":{"line":194,"column":0},"end":{"line":194,"column":13}},"194":{"start":{"line":195,"column":0},"end":{"line":195,"column":5}},"196":{"start":{"line":197,"column":0},"end":{"line":197,"column":31}},"197":{"start":{"line":198,"column":0},"end":{"line":198,"column":35}},"198":{"start":{"line":199,"column":0},"end":{"line":199,"column":39}},"200":{"start":{"line":201,"column":0},"end":{"line":201,"column":59}},"201":{"start":{"line":202,"column":0},"end":{"line":202,"column":52}},"202":{"start":{"line":203,"column":0},"end":{"line":203,"column":66}},"203":{"start":{"line":204,"column":0},"end":{"line":204,"column":6}},"204":{"start":{"line":205,"column":0},"end":{"line":205,"column":54}},"205":{"start":{"line":206,"column":0},"end":{"line":206,"column":52}},"207":{"start":{"line":208,"column":0},"end":{"line":208,"column":41}},"208":{"start":{"line":209,"column":0},"end":{"line":209,"column":24}},"209":{"start":{"line":210,"column":0},"end":{"line":210,"column":25}},"210":{"start":{"line":211,"column":0},"end":{"line":211,"column":4}},"212":{"start":{"line":213,"column":0},"end":{"line":213,"column":10}},"213":{"start":{"line":214,"column":0},"end":{"line":214,"column":146}},"216":{"start":{"line":217,"column":0},"end":{"line":217,"column":104}},"217":{"start":{"line":218,"column":0},"end":{"line":218,"column":49}},"218":{"start":{"line":219,"column":0},"end":{"line":219,"column":67}},"219":{"start":{"line":220,"column":0},"end":{"line":220,"column":34}},"220":{"start":{"line":221,"column":0},"end":{"line":221,"column":16}},"221":{"start":{"line":222,"column":0},"end":{"line":222,"column":93}},"222":{"start":{"line":223,"column":0},"end":{"line":223,"column":14}},"223":{"start":{"line":224,"column":0},"end":{"line":224,"column":75}},"225":{"start":{"line":226,"column":0},"end":{"line":226,"column":14}},"226":{"start":{"line":227,"column":0},"end":{"line":227,"column":15}},"229":{"start":{"line":230,"column":0},"end":{"line":230,"column":82}},"232":{"start":{"line":233,"column":0},"end":{"line":233,"column":59}},"235":{"start":{"line":236,"column":0},"end":{"line":236,"column":148}},"238":{"start":{"line":239,"column":0},"end":{"line":239,"column":19}},"239":{"start":{"line":240,"column":0},"end":{"line":240,"column":50}},"240":{"start":{"line":241,"column":0},"end":{"line":241,"column":153}},"241":{"start":{"line":242,"column":0},"end":{"line":242,"column":28}},"243":{"start":{"line":244,"column":0},"end":{"line":244,"column":31}},"244":{"start":{"line":245,"column":0},"end":{"line":245,"column":21}},"247":{"start":{"line":248,"column":0},"end":{"line":248,"column":19}},"248":{"start":{"line":249,"column":0},"end":{"line":249,"column":53}},"249":{"start":{"line":250,"column":0},"end":{"line":250,"column":156}},"250":{"start":{"line":251,"column":0},"end":{"line":251,"column":35}},"252":{"start":{"line":253,"column":0},"end":{"line":253,"column":41}},"253":{"start":{"line":254,"column":0},"end":{"line":254,"column":21}},"255":{"start":{"line":256,"column":0},"end":{"line":256,"column":60}},"258":{"start":{"line":259,"column":0},"end":{"line":259,"column":94}},"259":{"start":{"line":260,"column":0},"end":{"line":260,"column":21}},"260":{"start":{"line":261,"column":0},"end":{"line":261,"column":27}},"261":{"start":{"line":262,"column":0},"end":{"line":262,"column":80}},"262":{"start":{"line":263,"column":0},"end":{"line":263,"column":176}},"263":{"start":{"line":264,"column":0},"end":{"line":264,"column":50}},"264":{"start":{"line":265,"column":0},"end":{"line":265,"column":16}},"265":{"start":{"line":266,"column":0},"end":{"line":266,"column":15}},"267":{"start":{"line":268,"column":0},"end":{"line":268,"column":60}},"270":{"start":{"line":271,"column":0},"end":{"line":271,"column":19}},"271":{"start":{"line":272,"column":0},"end":{"line":272,"column":59}},"272":{"start":{"line":273,"column":0},"end":{"line":273,"column":86}},"273":{"start":{"line":274,"column":0},"end":{"line":274,"column":35}},"275":{"start":{"line":276,"column":0},"end":{"line":276,"column":34}},"276":{"start":{"line":277,"column":0},"end":{"line":277,"column":21}},"277":{"start":{"line":278,"column":0},"end":{"line":278,"column":18}},"278":{"start":{"line":279,"column":0},"end":{"line":279,"column":25}},"279":{"start":{"line":280,"column":0},"end":{"line":280,"column":32}},"280":{"start":{"line":281,"column":0},"end":{"line":281,"column":32}},"281":{"start":{"line":282,"column":0},"end":{"line":282,"column":30}},"282":{"start":{"line":283,"column":0},"end":{"line":283,"column":42}},"283":{"start":{"line":284,"column":0},"end":{"line":284,"column":14}},"286":{"start":{"line":287,"column":0},"end":{"line":287,"column":19}},"287":{"start":{"line":288,"column":0},"end":{"line":288,"column":62}},"288":{"start":{"line":289,"column":0},"end":{"line":289,"column":84}},"289":{"start":{"line":290,"column":0},"end":{"line":290,"column":34}},"291":{"start":{"line":292,"column":0},"end":{"line":292,"column":34}},"292":{"start":{"line":293,"column":0},"end":{"line":293,"column":21}},"293":{"start":{"line":294,"column":0},"end":{"line":294,"column":16}},"296":{"start":{"line":297,"column":0},"end":{"line":297,"column":112}},"297":{"start":{"line":298,"column":0},"end":{"line":298,"column":24}},"298":{"start":{"line":299,"column":0},"end":{"line":299,"column":29}},"299":{"start":{"line":300,"column":0},"end":{"line":300,"column":37}},"300":{"start":{"line":301,"column":0},"end":{"line":301,"column":39}},"301":{"start":{"line":302,"column":0},"end":{"line":302,"column":57}},"302":{"start":{"line":303,"column":0},"end":{"line":303,"column":14}},"305":{"start":{"line":306,"column":0},"end":{"line":306,"column":19}},"306":{"start":{"line":307,"column":0},"end":{"line":307,"column":44}},"307":{"start":{"line":308,"column":0},"end":{"line":308,"column":37}},"308":{"start":{"line":309,"column":0},"end":{"line":309,"column":221}},"310":{"start":{"line":311,"column":0},"end":{"line":311,"column":31}},"311":{"start":{"line":312,"column":0},"end":{"line":312,"column":36}},"312":{"start":{"line":313,"column":0},"end":{"line":313,"column":21}},"313":{"start":{"line":314,"column":0},"end":{"line":314,"column":16}},"314":{"start":{"line":315,"column":0},"end":{"line":315,"column":14}},"317":{"start":{"line":318,"column":0},"end":{"line":318,"column":103}},"320":{"start":{"line":321,"column":0},"end":{"line":321,"column":116}},"321":{"start":{"line":322,"column":0},"end":{"line":322,"column":36}},"322":{"start":{"line":323,"column":0},"end":{"line":323,"column":18}},"323":{"start":{"line":324,"column":0},"end":{"line":324,"column":28}},"324":{"start":{"line":325,"column":0},"end":{"line":325,"column":98}},"326":{"start":{"line":327,"column":0},"end":{"line":327,"column":20}},"327":{"start":{"line":328,"column":0},"end":{"line":328,"column":94}},"328":{"start":{"line":329,"column":0},"end":{"line":329,"column":46}},"329":{"start":{"line":330,"column":0},"end":{"line":330,"column":64}},"330":{"start":{"line":331,"column":0},"end":{"line":331,"column":52}},"331":{"start":{"line":332,"column":0},"end":{"line":332,"column":88}},"332":{"start":{"line":333,"column":0},"end":{"line":333,"column":89}},"333":{"start":{"line":334,"column":0},"end":{"line":334,"column":21}},"335":{"start":{"line":336,"column":0},"end":{"line":336,"column":58}},"336":{"start":{"line":337,"column":0},"end":{"line":337,"column":66}},"337":{"start":{"line":338,"column":0},"end":{"line":338,"column":21}},"338":{"start":{"line":339,"column":0},"end":{"line":339,"column":22}},"339":{"start":{"line":340,"column":0},"end":{"line":340,"column":20}},"340":{"start":{"line":341,"column":0},"end":{"line":341,"column":15}},"342":{"start":{"line":343,"column":0},"end":{"line":343,"column":30}},"343":{"start":{"line":344,"column":0},"end":{"line":344,"column":50}},"344":{"start":{"line":345,"column":0},"end":{"line":345,"column":131}},"345":{"start":{"line":346,"column":0},"end":{"line":346,"column":119}},"346":{"start":{"line":347,"column":0},"end":{"line":347,"column":121}},"347":{"start":{"line":348,"column":0},"end":{"line":348,"column":121}},"348":{"start":{"line":349,"column":0},"end":{"line":349,"column":22}},"349":{"start":{"line":350,"column":0},"end":{"line":350,"column":20}},"351":{"start":{"line":352,"column":0},"end":{"line":352,"column":40}},"352":{"start":{"line":353,"column":0},"end":{"line":353,"column":16}},"355":{"start":{"line":356,"column":0},"end":{"line":356,"column":65}},"356":{"start":{"line":357,"column":0},"end":{"line":357,"column":191}},"357":{"start":{"line":358,"column":0},"end":{"line":358,"column":23}},"358":{"start":{"line":359,"column":0},"end":{"line":359,"column":33}},"359":{"start":{"line":360,"column":0},"end":{"line":360,"column":62}},"360":{"start":{"line":361,"column":0},"end":{"line":361,"column":35}},"361":{"start":{"line":362,"column":0},"end":{"line":362,"column":57}},"362":{"start":{"line":363,"column":0},"end":{"line":363,"column":39}},"363":{"start":{"line":364,"column":0},"end":{"line":364,"column":34}},"364":{"start":{"line":365,"column":0},"end":{"line":365,"column":19}},"365":{"start":{"line":366,"column":0},"end":{"line":366,"column":18}},"366":{"start":{"line":367,"column":0},"end":{"line":367,"column":55}},"367":{"start":{"line":368,"column":0},"end":{"line":368,"column":107}},"368":{"start":{"line":369,"column":0},"end":{"line":369,"column":24}},"369":{"start":{"line":370,"column":0},"end":{"line":370,"column":16}},"372":{"start":{"line":373,"column":0},"end":{"line":373,"column":21}},"373":{"start":{"line":374,"column":0},"end":{"line":374,"column":38}},"374":{"start":{"line":375,"column":0},"end":{"line":375,"column":174}},"375":{"start":{"line":376,"column":0},"end":{"line":376,"column":58}},"377":{"start":{"line":378,"column":0},"end":{"line":378,"column":72}},"378":{"start":{"line":379,"column":0},"end":{"line":379,"column":23}},"381":{"start":{"line":382,"column":0},"end":{"line":382,"column":21}},"382":{"start":{"line":383,"column":0},"end":{"line":383,"column":45}},"383":{"start":{"line":384,"column":0},"end":{"line":384,"column":39}},"384":{"start":{"line":385,"column":0},"end":{"line":385,"column":149}},"386":{"start":{"line":387,"column":0},"end":{"line":387,"column":34}},"387":{"start":{"line":388,"column":0},"end":{"line":388,"column":23}},"388":{"start":{"line":389,"column":0},"end":{"line":389,"column":18}},"389":{"start":{"line":390,"column":0},"end":{"line":390,"column":68}},"391":{"start":{"line":392,"column":0},"end":{"line":392,"column":18}},"392":{"start":{"line":393,"column":0},"end":{"line":393,"column":16}},"393":{"start":{"line":394,"column":0},"end":{"line":394,"column":14}},"394":{"start":{"line":395,"column":0},"end":{"line":395,"column":13}},"395":{"start":{"line":396,"column":0},"end":{"line":396,"column":10}},"397":{"start":{"line":398,"column":0},"end":{"line":398,"column":2}},"399":{"start":{"line":400,"column":0},"end":{"line":400,"column":19}}},"s":{"0":1,"1":1,"2":1,"3":1,"14":1,"37":1,"38":4,"39":4,"40":1,"41":1,"43":1,"44":176,"45":176,"46":176,"47":176,"48":176,"49":176,"50":176,"51":176,"52":176,"53":176,"54":176,"55":176,"56":176,"58":176,"59":176,"60":176,"61":176,"63":176,"64":57,"65":176,"67":176,"68":39,"69":39,"70":3,"71":3,"72":39,"73":176,"75":176,"76":7,"77":7,"79":6,"80":6,"81":6,"82":6,"83":6,"84":6,"86":6,"87":6,"88":6,"90":6,"91":6,"92":6,"93":6,"94":6,"96":7,"98":7,"100":4,"101":4,"102":4,"103":4,"104":4,"105":4,"106":4,"107":4,"108":4,"110":7,"111":1,"112":1,"113":1,"114":1,"115":1,"116":1,"117":1,"118":1,"119":1,"120":7,"121":5,"122":5,"123":176,"125":176,"126":1,"127":1,"129":176,"130":176,"132":176,"133":13,"134":13,"136":13,"137":4,"138":4,"139":4,"140":4,"141":4,"142":4,"143":4,"144":4,"145":4,"146":4,"147":4,"148":4,"150":13,"151":3,"152":3,"153":3,"154":3,"155":3,"156":3,"157":3,"158":3,"159":3,"160":3,"161":3,"162":3,"164":5,"165":5,"166":5,"167":5,"168":0,"169":0,"170":0,"171":0,"172":0,"173":0,"174":0,"175":0,"176":0,"177":0,"178":0,"179":5,"180":5,"181":5,"182":13,"184":176,"185":5,"186":1,"187":1,"188":1,"190":4,"191":5,"192":1,"193":1,"194":1,"196":3,"197":3,"198":3,"200":3,"201":0,"202":0,"203":0,"204":3,"205":3,"207":3,"208":3,"209":3,"210":5,"212":176,"213":176,"216":176,"217":176,"218":176,"219":176,"220":176,"221":176,"222":176,"223":176,"225":176,"226":176,"229":176,"232":176,"235":176,"238":176,"239":176,"240":176,"241":176,"243":176,"244":176,"247":176,"248":176,"249":176,"250":176,"252":176,"253":176,"255":176,"258":176,"259":1056,"260":1056,"261":1056,"262":1056,"263":1056,"264":1056,"265":176,"267":176,"270":176,"271":176,"272":176,"273":176,"275":176,"276":176,"277":176,"278":176,"279":176,"280":176,"281":176,"282":176,"283":176,"286":176,"287":176,"288":176,"289":176,"291":176,"292":176,"293":176,"296":176,"297":176,"298":176,"299":176,"300":176,"301":176,"302":176,"305":176,"306":176,"307":176,"308":176,"310":176,"311":176,"312":176,"313":176,"314":176,"317":176,"320":176,"321":176,"322":199,"323":199,"324":199,"326":199,"327":199,"328":199,"329":11,"330":188,"331":7,"332":181,"333":199,"335":199,"336":199,"337":199,"338":199,"339":199,"340":176,"342":176,"343":6,"344":6,"345":6,"346":6,"347":6,"348":6,"349":6,"351":176,"352":176,"355":176,"356":176,"357":176,"358":176,"359":176,"360":176,"361":121,"362":5,"363":5,"364":5,"365":121,"366":176,"367":176,"368":176,"369":176,"372":176,"373":176,"374":176,"375":176,"377":176,"378":176,"381":176,"382":176,"383":176,"384":176,"386":176,"387":176,"388":176,"389":176,"391":176,"392":176,"393":176,"394":176,"395":176,"397":176,"399":1},"branchMap":{"0":{"type":"branch","line":38,"loc":{"start":{"line":38,"column":29},"end":{"line":42,"column":2}},"locations":[{"start":{"line":38,"column":29},"end":{"line":42,"column":2}}]},"1":{"type":"branch","line":39,"loc":{"start":{"line":39,"column":48},"end":{"line":39,"column":79}},"locations":[{"start":{"line":39,"column":48},"end":{"line":39,"column":79}}]},"2":{"type":"branch","line":39,"loc":{"start":{"line":39,"column":77},"end":{"line":40,"column":61}},"locations":[{"start":{"line":39,"column":77},"end":{"line":40,"column":61}}]},"3":{"type":"branch","line":40,"loc":{"start":{"line":40,"column":54},"end":{"line":40,"column":91}},"locations":[{"start":{"line":40,"column":54},"end":{"line":40,"column":91}}]},"4":{"type":"branch","line":40,"loc":{"start":{"line":40,"column":89},"end":{"line":42,"column":2}},"locations":[{"start":{"line":40,"column":89},"end":{"line":42,"column":2}}]},"5":{"type":"branch","line":44,"loc":{"start":{"line":44,"column":22},"end":{"line":398,"column":2}},"locations":[{"start":{"line":44,"column":22},"end":{"line":398,"column":2}}]},"6":{"type":"branch","line":241,"loc":{"start":{"line":241,"column":73},"end":{"line":241,"column":118}},"locations":[{"start":{"line":241,"column":73},"end":{"line":241,"column":118}}]},"7":{"type":"branch","line":241,"loc":{"start":{"line":241,"column":81},"end":{"line":241,"column":150}},"locations":[{"start":{"line":241,"column":81},"end":{"line":241,"column":150}}]},"8":{"type":"branch","line":250,"loc":{"start":{"line":250,"column":73},"end":{"line":250,"column":121}},"locations":[{"start":{"line":250,"column":73},"end":{"line":250,"column":121}}]},"9":{"type":"branch","line":250,"loc":{"start":{"line":250,"column":84},"end":{"line":250,"column":153}},"locations":[{"start":{"line":250,"column":84},"end":{"line":250,"column":153}}]},"10":{"type":"branch","line":302,"loc":{"start":{"line":302,"column":42},"end":{"line":302,"column":54}},"locations":[{"start":{"line":302,"column":42},"end":{"line":302,"column":54}}]},"11":{"type":"branch","line":302,"loc":{"start":{"line":302,"column":50},"end":{"line":302,"column":57}},"locations":[{"start":{"line":302,"column":50},"end":{"line":302,"column":57}}]},"12":{"type":"branch","line":343,"loc":{"start":{"line":343,"column":13},"end":{"line":350,"column":20}},"locations":[{"start":{"line":343,"column":13},"end":{"line":350,"column":20}}]},"13":{"type":"branch","line":375,"loc":{"start":{"line":375,"column":63},"end":{"line":375,"column":119}},"locations":[{"start":{"line":375,"column":63},"end":{"line":375,"column":119}}]},"14":{"type":"branch","line":375,"loc":{"start":{"line":375,"column":77},"end":{"line":375,"column":171}},"locations":[{"start":{"line":375,"column":77},"end":{"line":375,"column":171}}]},"15":{"type":"branch","line":376,"loc":{"start":{"line":376,"column":23},"end":{"line":376,"column":49}},"locations":[{"start":{"line":376,"column":23},"end":{"line":376,"column":49}}]},"16":{"type":"branch","line":376,"loc":{"start":{"line":376,"column":37},"end":{"line":376,"column":58}},"locations":[{"start":{"line":376,"column":37},"end":{"line":376,"column":58}}]},"17":{"type":"branch","line":378,"loc":{"start":{"line":378,"column":17},"end":{"line":378,"column":54}},"locations":[{"start":{"line":378,"column":17},"end":{"line":378,"column":54}}]},"18":{"type":"branch","line":378,"loc":{"start":{"line":378,"column":49},"end":{"line":378,"column":72}},"locations":[{"start":{"line":378,"column":49},"end":{"line":378,"column":72}}]},"19":{"type":"branch","line":64,"loc":{"start":{"line":64,"column":12},"end":{"line":66,"column":5}},"locations":[{"start":{"line":64,"column":12},"end":{"line":66,"column":5}}]},"20":{"type":"branch","line":68,"loc":{"start":{"line":68,"column":12},"end":{"line":74,"column":5}},"locations":[{"start":{"line":68,"column":12},"end":{"line":74,"column":5}}]},"21":{"type":"branch","line":69,"loc":{"start":{"line":69,"column":11},"end":{"line":73,"column":6}},"locations":[{"start":{"line":69,"column":11},"end":{"line":73,"column":6}}]},"22":{"type":"branch","line":70,"loc":{"start":{"line":70,"column":34},"end":{"line":72,"column":7}},"locations":[{"start":{"line":70,"column":34},"end":{"line":72,"column":7}}]},"23":{"type":"branch","line":76,"loc":{"start":{"line":76,"column":34},"end":{"line":124,"column":5}},"locations":[{"start":{"line":76,"column":34},"end":{"line":124,"column":5}}]},"24":{"type":"branch","line":77,"loc":{"start":{"line":77,"column":18},"end":{"line":77,"column":45}},"locations":[{"start":{"line":77,"column":18},"end":{"line":77,"column":45}}]},"25":{"type":"branch","line":78,"loc":{"start":{"line":78,"column":9},"end":{"line":78,"column":31}},"locations":[{"start":{"line":78,"column":9},"end":{"line":78,"column":31}}]},"26":{"type":"branch","line":78,"loc":{"start":{"line":78,"column":31},"end":{"line":78,"column":38}},"locations":[{"start":{"line":78,"column":31},"end":{"line":78,"column":38}}]},"27":{"type":"branch","line":78,"loc":{"start":{"line":78,"column":31},"end":{"line":97,"column":60}},"locations":[{"start":{"line":78,"column":31},"end":{"line":97,"column":60}}]},"28":{"type":"branch","line":99,"loc":{"start":{"line":99,"column":59},"end":{"line":99,"column":83}},"locations":[{"start":{"line":99,"column":59},"end":{"line":99,"column":83}}]},"29":{"type":"branch","line":99,"loc":{"start":{"line":99,"column":83},"end":{"line":111,"column":12}},"locations":[{"start":{"line":99,"column":83},"end":{"line":111,"column":12}}]},"30":{"type":"branch","line":111,"loc":{"start":{"line":111,"column":4},"end":{"line":121,"column":6}},"locations":[{"start":{"line":111,"column":4},"end":{"line":121,"column":6}}]},"31":{"type":"branch","line":121,"loc":{"start":{"line":121,"column":4},"end":{"line":123,"column":5}},"locations":[{"start":{"line":121,"column":4},"end":{"line":123,"column":5}}]},"32":{"type":"branch","line":87,"loc":{"start":{"line":87,"column":16},"end":{"line":87,"column":42}},"locations":[{"start":{"line":87,"column":16},"end":{"line":87,"column":42}}]},"33":{"type":"branch","line":92,"loc":{"start":{"line":92,"column":35},"end":{"line":95,"column":8}},"locations":[{"start":{"line":92,"column":35},"end":{"line":95,"column":8}}]},"34":{"type":"branch","line":93,"loc":{"start":{"line":93,"column":39},"end":{"line":93,"column":56}},"locations":[{"start":{"line":93,"column":39},"end":{"line":93,"column":56}}]},"35":{"type":"branch","line":101,"loc":{"start":{"line":101,"column":18},"end":{"line":109,"column":7}},"locations":[{"start":{"line":101,"column":18},"end":{"line":109,"column":7}}]},"36":{"type":"branch","line":112,"loc":{"start":{"line":112,"column":18},"end":{"line":120,"column":7}},"locations":[{"start":{"line":112,"column":18},"end":{"line":120,"column":7}}]},"37":{"type":"branch","line":126,"loc":{"start":{"line":126,"column":31},"end":{"line":128,"column":4}},"locations":[{"start":{"line":126,"column":31},"end":{"line":128,"column":4}}]},"38":{"type":"branch","line":133,"loc":{"start":{"line":133,"column":28},"end":{"line":183,"column":4}},"locations":[{"start":{"line":133,"column":28},"end":{"line":183,"column":4}}]},"39":{"type":"branch","line":135,"loc":{"start":{"line":135,"column":15},"end":{"line":135,"column":22}},"locations":[{"start":{"line":135,"column":15},"end":{"line":135,"column":22}}]},"40":{"type":"branch","line":135,"loc":{"start":{"line":135,"column":15},"end":{"line":137,"column":51}},"locations":[{"start":{"line":135,"column":15},"end":{"line":137,"column":51}}]},"41":{"type":"branch","line":137,"loc":{"start":{"line":137,"column":51},"end":{"line":149,"column":5}},"locations":[{"start":{"line":137,"column":51},"end":{"line":149,"column":5}}]},"42":{"type":"branch","line":149,"loc":{"start":{"line":149,"column":4},"end":{"line":151,"column":41}},"locations":[{"start":{"line":149,"column":4},"end":{"line":151,"column":41}}]},"43":{"type":"branch","line":151,"loc":{"start":{"line":151,"column":41},"end":{"line":163,"column":5}},"locations":[{"start":{"line":151,"column":41},"end":{"line":163,"column":5}}]},"44":{"type":"branch","line":163,"loc":{"start":{"line":163,"column":4},"end":{"line":182,"column":24}},"locations":[{"start":{"line":163,"column":4},"end":{"line":182,"column":24}}]},"45":{"type":"branch","line":138,"loc":{"start":{"line":138,"column":18},"end":{"line":146,"column":7}},"locations":[{"start":{"line":138,"column":18},"end":{"line":146,"column":7}}]},"46":{"type":"branch","line":152,"loc":{"start":{"line":152,"column":18},"end":{"line":160,"column":7}},"locations":[{"start":{"line":152,"column":18},"end":{"line":160,"column":7}}]},"47":{"type":"branch","line":166,"loc":{"start":{"line":166,"column":20},"end":{"line":180,"column":6}},"locations":[{"start":{"line":166,"column":20},"end":{"line":180,"column":6}}]},"48":{"type":"branch","line":168,"loc":{"start":{"line":168,"column":39},"end":{"line":179,"column":7}},"locations":[{"start":{"line":168,"column":39},"end":{"line":179,"column":7}}]},"49":{"type":"branch","line":185,"loc":{"start":{"line":185,"column":23},"end":{"line":211,"column":4}},"locations":[{"start":{"line":185,"column":23},"end":{"line":211,"column":4}}]},"50":{"type":"branch","line":186,"loc":{"start":{"line":186,"column":21},"end":{"line":189,"column":5}},"locations":[{"start":{"line":186,"column":21},"end":{"line":189,"column":5}}]},"51":{"type":"branch","line":189,"loc":{"start":{"line":189,"column":4},"end":{"line":192,"column":22}},"locations":[{"start":{"line":189,"column":4},"end":{"line":192,"column":22}}]},"52":{"type":"branch","line":192,"loc":{"start":{"line":192,"column":22},"end":{"line":195,"column":5}},"locations":[{"start":{"line":192,"column":22},"end":{"line":195,"column":5}}]},"53":{"type":"branch","line":195,"loc":{"start":{"line":195,"column":4},"end":{"line":210,"column":25}},"locations":[{"start":{"line":195,"column":4},"end":{"line":210,"column":25}}]},"54":{"type":"branch","line":240,"loc":{"start":{"line":240,"column":23},"end":{"line":240,"column":50}},"locations":[{"start":{"line":240,"column":23},"end":{"line":240,"column":50}}]},"55":{"type":"branch","line":249,"loc":{"start":{"line":249,"column":23},"end":{"line":249,"column":53}},"locations":[{"start":{"line":249,"column":23},"end":{"line":249,"column":53}}]},"56":{"type":"branch","line":259,"loc":{"start":{"line":259,"column":84},"end":{"line":265,"column":16}},"locations":[{"start":{"line":259,"column":84},"end":{"line":265,"column":16}}]},"57":{"type":"branch","line":263,"loc":{"start":{"line":263,"column":97},"end":{"line":263,"column":129}},"locations":[{"start":{"line":263,"column":97},"end":{"line":263,"column":129}}]},"58":{"type":"branch","line":263,"loc":{"start":{"line":263,"column":121},"end":{"line":263,"column":159}},"locations":[{"start":{"line":263,"column":121},"end":{"line":263,"column":159}}]},"59":{"type":"branch","line":263,"loc":{"start":{"line":263,"column":129},"end":{"line":263,"column":173}},"locations":[{"start":{"line":263,"column":129},"end":{"line":263,"column":173}}]},"60":{"type":"branch","line":288,"loc":{"start":{"line":288,"column":23},"end":{"line":288,"column":62}},"locations":[{"start":{"line":288,"column":23},"end":{"line":288,"column":62}}]},"61":{"type":"branch","line":322,"loc":{"start":{"line":322,"column":26},"end":{"line":340,"column":20}},"locations":[{"start":{"line":322,"column":26},"end":{"line":340,"column":20}}]},"62":{"type":"branch","line":325,"loc":{"start":{"line":325,"column":57},"end":{"line":325,"column":80}},"locations":[{"start":{"line":325,"column":57},"end":{"line":325,"column":80}}]},"63":{"type":"branch","line":325,"loc":{"start":{"line":325,"column":64},"end":{"line":325,"column":95}},"locations":[{"start":{"line":325,"column":64},"end":{"line":325,"column":95}}]},"64":{"type":"branch","line":329,"loc":{"start":{"line":329,"column":42},"end":{"line":330,"column":64}},"locations":[{"start":{"line":329,"column":42},"end":{"line":330,"column":64}}]},"65":{"type":"branch","line":330,"loc":{"start":{"line":330,"column":24},"end":{"line":333,"column":89}},"locations":[{"start":{"line":330,"column":24},"end":{"line":333,"column":89}}]},"66":{"type":"branch","line":331,"loc":{"start":{"line":331,"column":46},"end":{"line":332,"column":88}},"locations":[{"start":{"line":331,"column":46},"end":{"line":332,"column":88}}]},"67":{"type":"branch","line":332,"loc":{"start":{"line":332,"column":26},"end":{"line":333,"column":89}},"locations":[{"start":{"line":332,"column":26},"end":{"line":333,"column":89}}]},"68":{"type":"branch","line":336,"loc":{"start":{"line":336,"column":44},"end":{"line":337,"column":66}},"locations":[{"start":{"line":336,"column":44},"end":{"line":337,"column":66}}]},"69":{"type":"branch","line":360,"loc":{"start":{"line":360,"column":26},"end":{"line":360,"column":62}},"locations":[{"start":{"line":360,"column":26},"end":{"line":360,"column":62}}]},"70":{"type":"branch","line":361,"loc":{"start":{"line":361,"column":27},"end":{"line":366,"column":18}},"locations":[{"start":{"line":361,"column":27},"end":{"line":366,"column":18}}]},"71":{"type":"branch","line":362,"loc":{"start":{"line":362,"column":32},"end":{"line":362,"column":56}},"locations":[{"start":{"line":362,"column":32},"end":{"line":362,"column":56}}]},"72":{"type":"branch","line":362,"loc":{"start":{"line":362,"column":56},"end":{"line":365,"column":19}},"locations":[{"start":{"line":362,"column":56},"end":{"line":365,"column":19}}]},"73":{"type":"branch","line":383,"loc":{"start":{"line":383,"column":25},"end":{"line":383,"column":45}},"locations":[{"start":{"line":383,"column":25},"end":{"line":383,"column":45}}]}},"b":{"0":[4],"1":[3],"2":[1],"3":[0],"4":[1],"5":[176],"6":[175],"7":[1],"8":[1],"9":[175],"10":[175],"11":[1],"12":[6],"13":[3],"14":[173],"15":[3],"16":[173],"17":[3],"18":[173],"19":[57],"20":[39],"21":[39],"22":[3],"23":[7],"24":[6],"25":[6],"26":[1],"27":[6],"28":[0],"29":[4],"30":[1],"31":[5],"32":[6],"33":[6],"34":[0],"35":[4],"36":[1],"37":[1],"38":[13],"39":[1],"40":[12],"41":[4],"42":[8],"43":[3],"44":[5],"45":[4],"46":[3],"47":[5],"48":[0],"49":[5],"50":[1],"51":[4],"52":[1],"53":[3],"54":[1],"55":[1],"56":[1056],"57":[176],"58":[175],"59":[881],"60":[1],"61":[199],"62":[11],"63":[188],"64":[11],"65":[188],"66":[7],"67":[181],"68":[199],"69":[115],"70":[121],"71":[6],"72":[5],"73":[1]},"fnMap":{"0":{"name":"getSpeechRecognition","decl":{"start":{"line":38,"column":29},"end":{"line":42,"column":2}},"loc":{"start":{"line":38,"column":29},"end":{"line":42,"column":2}},"line":38},"1":{"name":"App","decl":{"start":{"line":44,"column":22},"end":{"line":398,"column":2}},"loc":{"start":{"line":44,"column":22},"end":{"line":398,"column":2}},"line":44},"2":{"name":"handleAnalyzeDrawing","decl":{"start":{"line":126,"column":31},"end":{"line":128,"column":4}},"loc":{"start":{"line":126,"column":31},"end":{"line":128,"column":4}},"line":126},"3":{"name":"handleImageUpload","decl":{"start":{"line":133,"column":28},"end":{"line":183,"column":4}},"loc":{"start":{"line":133,"column":28},"end":{"line":183,"column":4}},"line":133},"4":{"name":"reader.onload","decl":{"start":{"line":166,"column":20},"end":{"line":180,"column":6}},"loc":{"start":{"line":166,"column":20},"end":{"line":180,"column":6}},"line":166},"5":{"name":"toggleSpeech","decl":{"start":{"line":185,"column":23},"end":{"line":211,"column":4}},"loc":{"start":{"line":185,"column":23},"end":{"line":211,"column":4}},"line":185},"6":{"name":"recognition.onresult","decl":{"start":{"line":201,"column":27},"end":{"line":204,"column":6}},"loc":{"start":{"line":201,"column":27},"end":{"line":204,"column":6}},"line":201},"7":{"name":"recognition.onerror","decl":{"start":{"line":205,"column":26},"end":{"line":205,"column":54}},"loc":{"start":{"line":205,"column":26},"end":{"line":205,"column":54}},"line":205},"8":{"name":"recognition.onend","decl":{"start":{"line":206,"column":24},"end":{"line":206,"column":52}},"loc":{"start":{"line":206,"column":24},"end":{"line":206,"column":52}},"line":206},"9":{"name":"onClick","decl":{"start":{"line":240,"column":23},"end":{"line":240,"column":50}},"loc":{"start":{"line":240,"column":23},"end":{"line":240,"column":50}},"line":240},"10":{"name":"onClick","decl":{"start":{"line":249,"column":23},"end":{"line":249,"column":53}},"loc":{"start":{"line":249,"column":23},"end":{"line":249,"column":53}},"line":249},"11":{"name":"onClick","decl":{"start":{"line":262,"column":25},"end":{"line":262,"column":80}},"loc":{"start":{"line":262,"column":25},"end":{"line":262,"column":80}},"line":262},"12":{"name":"onClick","decl":{"start":{"line":272,"column":23},"end":{"line":272,"column":59}},"loc":{"start":{"line":272,"column":23},"end":{"line":272,"column":59}},"line":272},"13":{"name":"onClick","decl":{"start":{"line":288,"column":23},"end":{"line":288,"column":62}},"loc":{"start":{"line":288,"column":23},"end":{"line":288,"column":62}},"line":288},"14":{"name":"onChange","decl":{"start":{"line":360,"column":26},"end":{"line":360,"column":62}},"loc":{"start":{"line":360,"column":26},"end":{"line":360,"column":62}},"line":360},"15":{"name":"onKeyDown","decl":{"start":{"line":361,"column":27},"end":{"line":366,"column":18}},"loc":{"start":{"line":361,"column":27},"end":{"line":366,"column":18}},"line":361},"16":{"name":"onClick","decl":{"start":{"line":383,"column":25},"end":{"line":383,"column":45}},"loc":{"start":{"line":383,"column":25},"end":{"line":383,"column":45}},"line":383}},"f":{"0":4,"1":176,"2":1,"3":13,"4":5,"5":5,"6":0,"7":0,"8":0,"9":1,"10":1,"11":0,"12":0,"13":1,"14":115,"15":121,"16":1}}
,"C:\\Users\\ASUS\\MVPs\\AI-Canvas-for-Critical-Thinker-Girls\\frontend\\types.ts": {"path":"C:\\Users\\ASUS\\MVPs\\AI-Canvas-for-Critical-Thinker-Girls\\frontend\\types.ts","all":false,"statementMap":{"0":{"start":{"line":1,"column":0},"end":{"line":1,"column":20}},"1":{"start":{"line":2,"column":0},"end":{"line":2,"column":16}},"2":{"start":{"line":3,"column":0},"end":{"line":3,"column":15}},"3":{"start":{"line":4,"column":0},"end":{"line":4,"column":19}}},"s":{"0":1,"1":1,"2":1,"3":1},"branchMap":{"0":{"type":"branch","line":1,"loc":{"start":{"line":1,"column":7},"end":{"line":1,"column":20}},"locations":[{"start":{"line":1,"column":7},"end":{"line":1,"column":20}}]}},"b":{"0":[1]},"fnMap":{},"f":{}}
,"C:\\Users\\ASUS\\MVPs\\AI-Canvas-for-Critical-Thinker-Girls\\frontend\\components\\CanvasBoard.tsx": {"path":"C:\\Users\\ASUS\\MVPs\\AI-Canvas-for-Critical-Thinker-Girls\\frontend\\components\\CanvasBoard.tsx","all":false,"statementMap":{"0":{"start":{"line":1,"column":0},"end":{"line":1,"column":82}},"1":{"start":{"line":2,"column":0},"end":{"line":2,"column":74}},"16":{"start":{"line":17,"column":0},"end":{"line":17,"column":21}},"17":{"start":{"line":18,"column":0},"end":{"line":18,"column":20}},"18":{"start":{"line":19,"column":0},"end":{"line":19,"column":31}},"19":{"start":{"line":20,"column":0},"end":{"line":20,"column":32}},"22":{"start":{"line":23,"column":0},"end":{"line":23,"column":103}},"27":{"start":{"line":28,"column":0},"end":{"line":28,"column":30}},"28":{"start":{"line":29,"column":0},"end":{"line":29,"column":85}},"30":{"start":{"line":31,"column":0},"end":{"line":31,"column":26}},"31":{"start":{"line":32,"column":0},"end":{"line":32,"column":32}},"32":{"start":{"line":33,"column":0},"end":{"line":33,"column":15}},"33":{"start":{"line":34,"column":0},"end":{"line":34,"column":14}},"34":{"start":{"line":35,"column":0},"end":{"line":35,"column":3}},"35":{"start":{"line":36,"column":0},"end":{"line":36,"column":18}},"36":{"start":{"line":37,"column":0},"end":{"line":37,"column":13}},"37":{"start":{"line":38,"column":0},"end":{"line":38,"column":27}},"38":{"start":{"line":39,"column":0},"end":{"line":39,"column":61}},"39":{"start":{"line":40,"column":0},"end":{"line":40,"column":16}},"40":{"start":{"line":41,"column":0},"end":{"line":41,"column":1}},"42":{"start":{"line":43,"column":0},"end":{"line":43,"column":35}},"43":{"start":{"line":44,"column":0},"end":{"line":44,"column":9}},"44":{"start":{"line":45,"column":0},"end":{"line":45,"column":10}},"45":{"start":{"line":46,"column":0},"end":{"line":46,"column":33}},"46":{"start":{"line":47,"column":0},"end":{"line":47,"column":34}},"47":{"start":{"line":48,"column":0},"end":{"line":48,"column":25}},"48":{"start":{"line":49,"column":0},"end":{"line":49,"column":38}},"49":{"start":{"line":50,"column":0},"end":{"line":50,"column":36}},"50":{"start":{"line":51,"column":0},"end":{"line":51,"column":34}},"51":{"start":{"line":52,"column":0},"end":{"line":52,"column":38}},"52":{"start":{"line":53,"column":0},"end":{"line":53,"column":16}},"53":{"start":{"line":54,"column":0},"end":{"line":54,"column":4}},"54":{"start":{"line":55,"column":0},"end":{"line":55,"column":27}},"55":{"start":{"line":56,"column":0},"end":{"line":56,"column":3}},"57":{"start":{"line":58,"column":0},"end":{"line":58,"column":63}},"58":{"start":{"line":59,"column":0},"end":{"line":59,"column":54}},"59":{"start":{"line":60,"column":0},"end":{"line":60,"column":54}},"60":{"start":{"line":61,"column":0},"end":{"line":61,"column":56}},"61":{"start":{"line":62,"column":0},"end":{"line":62,"column":50}},"64":{"start":{"line":65,"column":0},"end":{"line":65,"column":21}},"65":{"start":{"line":66,"column":0},"end":{"line":66,"column":64}},"66":{"start":{"line":67,"column":0},"end":{"line":67,"column":45}},"68":{"start":{"line":69,"column":0},"end":{"line":69,"column":50}},"69":{"start":{"line":70,"column":0},"end":{"line":70,"column":35}},"70":{"start":{"line":71,"column":0},"end":{"line":71,"column":37}},"71":{"start":{"line":72,"column":0},"end":{"line":72,"column":39}},"72":{"start":{"line":73,"column":0},"end":{"line":73,"column":9}},"74":{"start":{"line":75,"column":0},"end":{"line":75,"column":48}},"77":{"start":{"line":78,"column":0},"end":{"line":78,"column":37}},"78":{"start":{"line":79,"column":0},"end":{"line":79,"column":35}},"79":{"start":{"line":80,"column":0},"end":{"line":80,"column":32}},"80":{"start":{"line":81,"column":0},"end":{"line":81,"column":31}},"81":{"start":{"line":82,"column":0},"end":{"line":82,"column":60}},"82":{"start":{"line":83,"column":0},"end":{"line":83,"column":70}},"83":{"start":{"line":84,"column":0},"end":{"line":84,"column":31}},"84":{"start":{"line":85,"column":0},"end":{"line":85,"column":32}},"85":{"start":{"line":86,"column":0},"end":{"line":86,"column":9}},"87":{"start":{"line":88,"column":0},"end":{"line":88,"column":29}},"89":{"start":{"line":90,"column":0},"end":{"line":90,"column":34}},"90":{"start":{"line":91,"column":0},"end":{"line":91,"column":26}},"91":{"start":{"line":92,"column":0},"end":{"line":92,"column":39}},"92":{"start":{"line":93,"column":0},"end":{"line":93,"column":41}},"93":{"start":{"line":94,"column":0},"end":{"line":94,"column":11}},"94":{"start":{"line":95,"column":0},"end":{"line":95,"column":23}},"95":{"start":{"line":96,"column":0},"end":{"line":96,"column":8}},"96":{"start":{"line":97,"column":0},"end":{"line":97,"column":54}},"98":{"start":{"line":99,"column":0},"end":{"line":99,"column":20}},"99":{"start":{"line":100,"column":0},"end":{"line":100,"column":59}},"100":{"start":{"line":101,"column":0},"end":{"line":101,"column":21}},"101":{"start":{"line":102,"column":0},"end":{"line":102,"column":33}},"102":{"start":{"line":103,"column":0},"end":{"line":103,"column":8}},"103":{"start":{"line":104,"column":0},"end":{"line":104,"column":11}},"106":{"start":{"line":107,"column":0},"end":{"line":107,"column":21}},"107":{"start":{"line":108,"column":0},"end":{"line":108,"column":35}},"108":{"start":{"line":109,"column":0},"end":{"line":109,"column":22}},"110":{"start":{"line":111,"column":0},"end":{"line":111,"column":33}},"111":{"start":{"line":112,"column":0},"end":{"line":112,"column":32}},"112":{"start":{"line":113,"column":0},"end":{"line":113,"column":29}},"113":{"start":{"line":114,"column":0},"end":{"line":114,"column":57}},"114":{"start":{"line":115,"column":0},"end":{"line":115,"column":34}},"115":{"start":{"line":116,"column":0},"end":{"line":116,"column":34}},"116":{"start":{"line":117,"column":0},"end":{"line":117,"column":14}},"118":{"start":{"line":119,"column":0},"end":{"line":119,"column":33}},"119":{"start":{"line":120,"column":0},"end":{"line":120,"column":28}},"120":{"start":{"line":121,"column":0},"end":{"line":121,"column":7}},"121":{"start":{"line":122,"column":0},"end":{"line":122,"column":47}},"123":{"start":{"line":124,"column":0},"end":{"line":124,"column":37}},"124":{"start":{"line":125,"column":0},"end":{"line":125,"column":29}},"125":{"start":{"line":126,"column":0},"end":{"line":126,"column":37}},"126":{"start":{"line":127,"column":0},"end":{"line":127,"column":29}},"127":{"start":{"line":128,"column":0},"end":{"line":128,"column":76}},"128":{"start":{"line":129,"column":0},"end":{"line":129,"column":8}},"129":{"start":{"line":130,"column":0},"end":{"line":130,"column":26}},"130":{"start":{"line":131,"column":0},"end":{"line":131,"column":37}},"131":{"start":{"line":132,"column":0},"end":{"line":132,"column":24}},"132":{"start":{"line":133,"column":0},"end":{"line":133,"column":19}},"133":{"start":{"line":134,"column":0},"end":{"line":134,"column":39}},"134":{"start":{"line":135,"column":0},"end":{"line":135,"column":23}},"135":{"start":{"line":136,"column":0},"end":{"line":136,"column":8}},"136":{"start":{"line":137,"column":0},"end":{"line":137,"column":43}},"137":{"start":{"line":138,"column":0},"end":{"line":138,"column":37}},"138":{"start":{"line":139,"column":0},"end":{"line":139,"column":24}},"140":{"start":{"line":141,"column":0},"end":{"line":141,"column":49}},"141":{"start":{"line":142,"column":0},"end":{"line":142,"column":21}},"142":{"start":{"line":143,"column":0},"end":{"line":143,"column":49}},"144":{"start":{"line":145,"column":0},"end":{"line":145,"column":48}},"145":{"start":{"line":146,"column":0},"end":{"line":146,"column":33}},"146":{"start":{"line":147,"column":0},"end":{"line":147,"column":68}},"147":{"start":{"line":148,"column":0},"end":{"line":148,"column":70}},"148":{"start":{"line":149,"column":0},"end":{"line":149,"column":12}},"149":{"start":{"line":150,"column":0},"end":{"line":150,"column":27}},"150":{"start":{"line":151,"column":0},"end":{"line":151,"column":19}},"151":{"start":{"line":152,"column":0},"end":{"line":152,"column":65}},"152":{"start":{"line":153,"column":0},"end":{"line":153,"column":66}},"153":{"start":{"line":154,"column":0},"end":{"line":154,"column":29}},"154":{"start":{"line":155,"column":0},"end":{"line":155,"column":30}},"155":{"start":{"line":156,"column":0},"end":{"line":156,"column":13}},"157":{"start":{"line":158,"column":0},"end":{"line":158,"column":60}},"158":{"start":{"line":159,"column":0},"end":{"line":159,"column":22}},"159":{"start":{"line":160,"column":0},"end":{"line":160,"column":34}},"160":{"start":{"line":161,"column":0},"end":{"line":161,"column":25}},"161":{"start":{"line":162,"column":0},"end":{"line":162,"column":27}},"162":{"start":{"line":163,"column":0},"end":{"line":163,"column":66}},"163":{"start":{"line":164,"column":0},"end":{"line":164,"column":11}},"164":{"start":{"line":165,"column":0},"end":{"line":165,"column":8}},"165":{"start":{"line":166,"column":0},"end":{"line":166,"column":8}},"167":{"start":{"line":168,"column":0},"end":{"line":168,"column":12}},"168":{"start":{"line":169,"column":0},"end":{"line":169,"column":76}},"169":{"start":{"line":170,"column":0},"end":{"line":170,"column":36}},"170":{"start":{"line":171,"column":0},"end":{"line":171,"column":12}},"172":{"start":{"line":173,"column":0},"end":{"line":173,"column":4}},"173":{"start":{"line":174,"column":0},"end":{"line":174,"column":2}},"175":{"start":{"line":176,"column":0},"end":{"line":176,"column":40}},"176":{"start":{"line":177,"column":0},"end":{"line":177,"column":27}}},"s":{"0":1,"1":1,"16":1,"17":1,"18":1,"19":1,"22":1,"27":1,"28":1,"30":0,"31":0,"32":0,"33":0,"34":0,"35":0,"36":0,"37":0,"38":0,"39":0,"40":0,"42":1,"43":1,"44":1,"45":1,"46":1,"47":1,"48":1,"49":0,"50":0,"51":0,"52":0,"53":0,"54":1,"55":1,"57":1,"58":1,"59":29,"60":29,"61":29,"64":29,"65":29,"66":29,"68":29,"69":29,"70":29,"71":29,"72":29,"74":29,"77":29,"78":3,"79":3,"80":3,"81":3,"82":3,"83":3,"84":3,"85":29,"87":29,"89":29,"90":1,"91":1,"92":1,"93":1,"94":1,"95":1,"96":29,"98":29,"99":29,"100":29,"101":29,"102":29,"103":29,"106":29,"107":29,"108":29,"110":29,"111":27,"112":27,"113":27,"114":27,"115":27,"116":29,"118":2,"119":2,"120":2,"121":29,"123":29,"124":29,"125":3,"126":3,"127":3,"128":3,"129":29,"130":3,"131":3,"132":3,"133":3,"134":3,"135":3,"136":29,"137":7,"138":7,"140":7,"141":4,"142":3,"144":7,"145":5,"146":5,"147":5,"148":5,"149":5,"150":5,"151":5,"152":5,"153":5,"154":5,"155":5,"157":5,"158":5,"159":5,"160":5,"161":7,"162":2,"163":7,"164":7,"165":29,"167":29,"168":29,"169":29,"170":29,"172":29,"173":1,"175":1,"176":1},"branchMap":{"0":{"type":"branch","line":59,"loc":{"start":{"line":59,"column":2},"end":{"line":173,"column":4}},"locations":[{"start":{"line":59,"column":2},"end":{"line":173,"column":4}}]},"1":{"type":"branch","line":65,"loc":{"start":{"line":65,"column":14},"end":{"line":104,"column":7}},"locations":[{"start":{"line":65,"column":14},"end":{"line":104,"column":7}}]},"2":{"type":"branch","line":66,"loc":{"start":{"line":66,"column":57},"end":{"line":66,"column":64}},"locations":[{"start":{"line":66,"column":57},"end":{"line":66,"column":64}}]},"3":{"type":"branch","line":78,"loc":{"start":{"line":78,"column":27},"end":{"line":86,"column":7}},"locations":[{"start":{"line":78,"column":27},"end":{"line":86,"column":7}}]},"4":{"type":"branch","line":90,"loc":{"start":{"line":90,"column":27},"end":{"line":96,"column":8}},"locations":[{"start":{"line":90,"column":27},"end":{"line":96,"column":8}}]},"5":{"type":"branch","line":99,"loc":{"start":{"line":99,"column":13},"end":{"line":103,"column":8}},"locations":[{"start":{"line":99,"column":13},"end":{"line":103,"column":8}}]},"6":{"type":"branch","line":107,"loc":{"start":{"line":107,"column":14},"end":{"line":122,"column":7}},"locations":[{"start":{"line":107,"column":14},"end":{"line":122,"column":7}}]},"7":{"type":"branch","line":109,"loc":{"start":{"line":109,"column":15},"end":{"line":109,"column":22}},"locations":[{"start":{"line":109,"column":15},"end":{"line":109,"column":22}}]},"8":{"type":"branch","line":111,"loc":{"start":{"line":111,"column":32},"end":{"line":117,"column":13}},"locations":[{"start":{"line":111,"column":32},"end":{"line":117,"column":13}}]},"9":{"type":"branch","line":117,"loc":{"start":{"line":117,"column":6},"end":{"line":121,"column":7}},"locations":[{"start":{"line":117,"column":6},"end":{"line":121,"column":7}}]},"10":{"type":"branch","line":124,"loc":{"start":{"line":124,"column":29},"end":{"line":166,"column":6}},"locations":[{"start":{"line":124,"column":29},"end":{"line":166,"column":6}}]},"11":{"type":"branch","line":125,"loc":{"start":{"line":125,"column":22},"end":{"line":129,"column":8}},"locations":[{"start":{"line":125,"column":22},"end":{"line":129,"column":8}}]},"12":{"type":"branch","line":127,"loc":{"start":{"line":127,"column":17},"end":{"line":127,"column":29}},"locations":[{"start":{"line":127,"column":17},"end":{"line":127,"column":29}}]},"13":{"type":"branch","line":130,"loc":{"start":{"line":130,"column":19},"end":{"line":136,"column":8}},"locations":[{"start":{"line":130,"column":19},"end":{"line":136,"column":8}}]},"14":{"type":"branch","line":132,"loc":{"start":{"line":132,"column":17},"end":{"line":132,"column":24}},"locations":[{"start":{"line":132,"column":17},"end":{"line":132,"column":24}}]},"15":{"type":"branch","line":137,"loc":{"start":{"line":137,"column":19},"end":{"line":165,"column":8}},"locations":[{"start":{"line":137,"column":19},"end":{"line":165,"column":8}}]},"16":{"type":"branch","line":139,"loc":{"start":{"line":139,"column":17},"end":{"line":139,"column":24}},"locations":[{"start":{"line":139,"column":17},"end":{"line":139,"column":24}}]},"17":{"type":"branch","line":141,"loc":{"start":{"line":141,"column":48},"end":{"line":142,"column":21}},"locations":[{"start":{"line":141,"column":48},"end":{"line":142,"column":21}}]},"18":{"type":"branch","line":142,"loc":{"start":{"line":142,"column":12},"end":{"line":143,"column":49}},"locations":[{"start":{"line":142,"column":12},"end":{"line":143,"column":49}}]},"19":{"type":"branch","line":145,"loc":{"start":{"line":145,"column":38},"end":{"line":162,"column":9}},"locations":[{"start":{"line":145,"column":38},"end":{"line":162,"column":9}}]},"20":{"type":"branch","line":147,"loc":{"start":{"line":147,"column":56},"end":{"line":147,"column":68}},"locations":[{"start":{"line":147,"column":56},"end":{"line":147,"column":68}}]},"21":{"type":"branch","line":148,"loc":{"start":{"line":148,"column":57},"end":{"line":148,"column":70}},"locations":[{"start":{"line":148,"column":57},"end":{"line":148,"column":70}}]},"22":{"type":"branch","line":152,"loc":{"start":{"line":152,"column":40},"end":{"line":152,"column":54}},"locations":[{"start":{"line":152,"column":40},"end":{"line":152,"column":54}}]},"23":{"type":"branch","line":153,"loc":{"start":{"line":153,"column":40},"end":{"line":153,"column":55}},"locations":[{"start":{"line":153,"column":40},"end":{"line":153,"column":55}}]},"24":{"type":"branch","line":162,"loc":{"start":{"line":162,"column":17},"end":{"line":164,"column":9}},"locations":[{"start":{"line":162,"column":17},"end":{"line":164,"column":9}}]}},"b":{"0":[29],"1":[29],"2":[0],"3":[3],"4":[1],"5":[29],"6":[29],"7":[0],"8":[27],"9":[2],"10":[29],"11":[3],"12":[0],"13":[3],"14":[0],"15":[7],"16":[0],"17":[4],"18":[3],"19":[5],"20":[0],"21":[0],"22":[0],"23":[0],"24":[2]},"fnMap":{"0":{"name":"renderDeleteIcon","decl":{"start":{"line":31,"column":0},"end":{"line":41,"column":1}},"loc":{"start":{"line":31,"column":0},"end":{"line":41,"column":1}},"line":31},"1":{"name":"mouseUpHandler","decl":{"start":{"line":49,"column":18},"end":{"line":54,"column":4}},"loc":{"start":{"line":49,"column":18},"end":{"line":54,"column":4}},"line":49},"2":{"name":"handleResize","decl":{"start":{"line":90,"column":27},"end":{"line":96,"column":8}},"loc":{"start":{"line":90,"column":27},"end":{"line":96,"column":8}},"line":90},"3":{"name":"getCanvasImage","decl":{"start":{"line":125,"column":22},"end":{"line":129,"column":8}},"loc":{"start":{"line":125,"column":22},"end":{"line":129,"column":8}},"line":125},"4":{"name":"clearCanvas","decl":{"start":{"line":130,"column":19},"end":{"line":136,"column":8}},"loc":{"start":{"line":130,"column":19},"end":{"line":136,"column":8}},"line":130},"5":{"name":"injectImage","decl":{"start":{"line":137,"column":19},"end":{"line":165,"column":8}},"loc":{"start":{"line":137,"column":19},"end":{"line":165,"column":8}},"line":137}},"f":{"0":0,"1":0,"2":1,"3":3,"4":3,"5":7}}
,"C:\\Users\\ASUS\\MVPs\\AI-Canvas-for-Critical-Thinker-Girls\\frontend\\services\\geminiService.ts": {"path":"C:\\Users\\ASUS\\MVPs\\AI-Canvas-for-Critical-Thinker-Girls\\frontend\\services\\geminiService.ts","all":false,"statementMap":{"0":{"start":{"line":1,"column":0},"end":{"line":1,"column":80}},"7":{"start":{"line":8,"column":0},"end":{"line":8,"column":37}},"8":{"start":{"line":9,"column":0},"end":{"line":9,"column":28}},"9":{"start":{"line":10,"column":0},"end":{"line":10,"column":25}},"10":{"start":{"line":11,"column":0},"end":{"line":11,"column":22}},"11":{"start":{"line":12,"column":0},"end":{"line":12,"column":33}},"12":{"start":{"line":13,"column":0},"end":{"line":13,"column":43}},"13":{"start":{"line":14,"column":0},"end":{"line":14,"column":64}},"15":{"start":{"line":16,"column":0},"end":{"line":16,"column":7}},"16":{"start":{"line":17,"column":0},"end":{"line":17,"column":57}},"17":{"start":{"line":18,"column":0},"end":{"line":18,"column":21}},"18":{"start":{"line":19,"column":0},"end":{"line":19,"column":54}},"19":{"start":{"line":20,"column":0},"end":{"line":20,"column":28}},"20":{"start":{"line":21,"column":0},"end":{"line":21,"column":28}},"21":{"start":{"line":22,"column":0},"end":{"line":22,"column":32}},"22":{"start":{"line":23,"column":0},"end":{"line":23,"column":16}},"23":{"start":{"line":24,"column":0},"end":{"line":24,"column":49}},"24":{"start":{"line":25,"column":0},"end":{"line":25,"column":9}},"25":{"start":{"line":26,"column":0},"end":{"line":26,"column":32}},"26":{"start":{"line":27,"column":0},"end":{"line":27,"column":7}},"28":{"start":{"line":29,"column":0},"end":{"line":29,"column":23}},"29":{"start":{"line":30,"column":0},"end":{"line":30,"column":58}},"30":{"start":{"line":31,"column":0},"end":{"line":31,"column":77}},"31":{"start":{"line":32,"column":0},"end":{"line":32,"column":5}},"33":{"start":{"line":34,"column":0},"end":{"line":34,"column":39}},"34":{"start":{"line":35,"column":0},"end":{"line":35,"column":22}},"35":{"start":{"line":36,"column":0},"end":{"line":36,"column":63}},"36":{"start":{"line":37,"column":0},"end":{"line":37,"column":5}},"37":{"start":{"line":38,"column":0},"end":{"line":38,"column":32}},"38":{"start":{"line":39,"column":0},"end":{"line":39,"column":19}},"39":{"start":{"line":40,"column":0},"end":{"line":40,"column":37}},"40":{"start":{"line":41,"column":0},"end":{"line":41,"column":85}},"41":{"start":{"line":42,"column":0},"end":{"line":42,"column":5}},"42":{"start":{"line":43,"column":0},"end":{"line":43,"column":16}},"43":{"start":{"line":44,"column":0},"end":{"line":44,"column":13}},"44":{"start":{"line":45,"column":0},"end":{"line":45,"column":28}},"45":{"start":{"line":46,"column":0},"end":{"line":46,"column":3}},"46":{"start":{"line":47,"column":0},"end":{"line":47,"column":2}}},"s":{"0":1,"7":1,"8":18,"9":18,"10":18,"11":18,"12":18,"13":18,"15":18,"16":18,"17":18,"18":18,"19":18,"20":18,"21":18,"22":18,"23":18,"24":18,"25":18,"26":18,"28":18,"29":2,"30":2,"31":2,"33":13,"34":18,"35":3,"36":3,"37":10,"38":18,"39":6,"40":1,"41":1,"42":5,"43":18,"44":18,"45":18,"46":18},"branchMap":{"0":{"type":"branch","line":1,"loc":{"start":{"line":1,"column":33},"end":{"line":1,"column":80}},"locations":[{"start":{"line":1,"column":33},"end":{"line":1,"column":80}}]},"1":{"type":"branch","line":8,"loc":{"start":{"line":8,"column":30},"end":{"line":47,"column":2}},"locations":[{"start":{"line":8,"column":30},"end":{"line":47,"column":2}}]},"2":{"type":"branch","line":24,"loc":{"start":{"line":24,"column":29},"end":{"line":24,"column":49}},"locations":[{"start":{"line":24,"column":29},"end":{"line":24,"column":49}}]},"3":{"type":"branch","line":27,"loc":{"start":{"line":27,"column":5},"end":{"line":29,"column":22}},"locations":[{"start":{"line":27,"column":5},"end":{"line":29,"column":22}}]},"4":{"type":"branch","line":29,"loc":{"start":{"line":29,"column":22},"end":{"line":32,"column":5}},"locations":[{"start":{"line":29,"column":22},"end":{"line":32,"column":5}}]},"5":{"type":"branch","line":32,"loc":{"start":{"line":32,"column":4},"end":{"line":35,"column":21}},"locations":[{"start":{"line":32,"column":4},"end":{"line":35,"column":21}}]},"6":{"type":"branch","line":35,"loc":{"start":{"line":35,"column":21},"end":{"line":37,"column":5}},"locations":[{"start":{"line":35,"column":21},"end":{"line":37,"column":5}}]},"7":{"type":"branch","line":37,"loc":{"start":{"line":37,"column":4},"end":{"line":39,"column":11}},"locations":[{"start":{"line":37,"column":4},"end":{"line":39,"column":11}}]},"8":{"type":"branch","line":39,"loc":{"start":{"line":39,"column":2},"end":{"line":44,"column":4}},"locations":[{"start":{"line":39,"column":2},"end":{"line":44,"column":4}}]},"9":{"type":"branch","line":40,"loc":{"start":{"line":40,"column":36},"end":{"line":42,"column":5}},"locations":[{"start":{"line":40,"column":36},"end":{"line":42,"column":5}}]},"10":{"type":"branch","line":42,"loc":{"start":{"line":42,"column":4},"end":{"line":44,"column":4}},"locations":[{"start":{"line":42,"column":4},"end":{"line":44,"column":4}}]},"11":{"type":"branch","line":44,"loc":{"start":{"line":44,"column":2},"end":{"line":44,"column":4}},"locations":[{"start":{"line":44,"column":2},"end":{"line":44,"column":4}}]},"12":{"type":"branch","line":14,"loc":{"start":{"line":14,"column":31},"end":{"line":14,"column":57}},"locations":[{"start":{"line":14,"column":31},"end":{"line":14,"column":57}}]}},"b":{"0":[0],"1":[18],"2":[17],"3":[15],"4":[2],"5":[13],"6":[3],"7":[10],"8":[6],"9":[1],"10":[5],"11":[0],"12":[1]},"fnMap":{"0":{"name":"chatWithGemini","decl":{"start":{"line":8,"column":30},"end":{"line":47,"column":2}},"loc":{"start":{"line":8,"column":30},"end":{"line":47,"column":2}},"line":8}},"f":{"0":18}}
}
